Traceback (most recent call last):
  File "./watchScreen-ing.py", line 98, in <module>
    run_forever()
  File "./watchScreen-ing.py", line 94, in run_forever
    grabOnce()
  File "./watchScreen-ing.py", line 90, in grabOnce
    upload_to_ftpServer()
  File "./watchScreen-ing.py", line 82, in upload_to_ftpServer
    os.remove(pngname)
OSError: [Errno 2] No such file or directory: '2016-03-02-18-05-18.png'
Traceback (most recent call last):
  File "/usr/local/bin/aWatchScreen", line 98, in <module>
    run_forever()
  File "/usr/local/bin/aWatchScreen", line 94, in run_forever
    grabOnce()
  File "/usr/local/bin/aWatchScreen", line 90, in grabOnce
    upload_to_ftpServer()
  File "/usr/local/bin/aWatchScreen", line 79, in upload_to_ftpServer
    myFtp.storbinary('STOR '+pngname,fc)
  File "/Library/Frameworks/Python.framework/Versions/2.7/lib/python2.7/ftplib.py", line 468, in storbinary
    conn.sendall(buf)
  File "/Library/Frameworks/Python.framework/Versions/2.7/lib/python2.7/socket.py", line 224, in meth
    return getattr(self._sock,name)(*args)
KeyboardInterrupt
